<?xml version="1.0" encoding="UTF-8"?>
<!-- Generated by org.testng.reporters.JUnitReportReporter -->
<testsuite hostname="LAPTOP-R71BKCQK" failures="0" tests="1" name="testcases.TC1" time="0.042" errors="0" timestamp="7 Jul 2022 04:05:18 GMT">
  <testcase classname="testcases.TC1" name="test1" time="0.042"/>
</testsuite> <!-- testcases.TC1 -->
