<?xml version="1.0" encoding="UTF-8"?>
<!-- Generated by org.testng.reporters.JUnitReportReporter -->
<testsuite hostname="LAPTOP-R71BKCQK" failures="0" tests="10" name="org.testing.datadrivenTesting.facebookData" time="0.024" errors="0" timestamp="28 Jul 2022 17:51:22 GMT">
  <testcase classname="org.testing.datadrivenTesting.facebookData" name="testcase" time="0.004"/>
  <testcase classname="org.testing.datadrivenTesting.facebookData" name="testcase" time="0.002"/>
  <testcase classname="org.testing.datadrivenTesting.facebookData" name="testcase" time="0.002"/>
  <testcase classname="org.testing.datadrivenTesting.facebookData" name="testcase" time="0.001"/>
  <testcase classname="org.testing.datadrivenTesting.facebookData" name="testcase" time="0.001"/>
  <testcase classname="org.testing.datadrivenTesting.facebookData" name="testcase" time="0.003"/>
  <testcase classname="org.testing.datadrivenTesting.facebookData" name="testcase" time="0.003"/>
  <testcase classname="org.testing.datadrivenTesting.facebookData" name="testcase" time="0.001"/>
  <testcase classname="org.testing.datadrivenTesting.facebookData" name="testcase" time="0.001"/>
  <testcase classname="org.testing.datadrivenTesting.facebookData" name="testcase" time="0.006"/>
</testsuite> <!-- org.testing.datadrivenTesting.facebookData -->
