<?xml version="1.0" encoding="UTF-8"?>
<!-- Generated by org.testng.reporters.JUnitReportReporter -->
<testsuite hostname="LAPTOP-R71BKCQK" failures="0" tests="1" name="org.testing.TestScripts_YTFramework.Grouping" time="0.012" errors="0" timestamp="12 Jul 2022 03:52:23 GMT">
  <testcase classname="org.testing.TestScripts_YTFramework.Grouping" name="grp1" time="0.012"/>
</testsuite> <!-- org.testing.TestScripts_YTFramework.Grouping -->
