<?xml version="1.0" encoding="UTF-8"?>
<!-- Generated by org.testng.reporters.JUnitReportReporter -->
<testsuite hostname="DESKTOP-V4VPPL3" failures="0" tests="2" name="YTFramework.TestNGExample" time="0.014" errors="0" timestamp="9 Jun 2022 19:00:51 GMT">
  <testcase classname="YTFramework.TestNGExample" name="abc" time="0.008"/>
  <testcase classname="YTFramework.TestNGExample" name="swapnilM" time="0.006"/>
</testsuite> <!-- YTFramework.TestNGExample -->
