<?xml version="1.0" encoding="UTF-8"?>
<!-- Generated by org.testng.reporters.JUnitReportReporter -->
<testsuite hostname="LAPTOP-R71BKCQK" failures="0" tests="10" name="org.testing.datadrivenTesting.DataTesting" time="0.012" errors="0" timestamp="8 Jul 2022 17:39:00 GMT">
  <testcase classname="org.testing.datadrivenTesting.DataTesting" name="testcase" time="0.001"/>
  <testcase classname="org.testing.datadrivenTesting.DataTesting" name="testcase" time="0.001"/>
  <testcase classname="org.testing.datadrivenTesting.DataTesting" name="testcase" time="0.000"/>
  <testcase classname="org.testing.datadrivenTesting.DataTesting" name="testcase" time="0.001"/>
  <testcase classname="org.testing.datadrivenTesting.DataTesting" name="testcase" time="0.001"/>
  <testcase classname="org.testing.datadrivenTesting.DataTesting" name="testcase" time="0.002"/>
  <testcase classname="org.testing.datadrivenTesting.DataTesting" name="testcase" time="0.000"/>
  <testcase classname="org.testing.datadrivenTesting.DataTesting" name="testcase" time="0.000"/>
  <testcase classname="org.testing.datadrivenTesting.DataTesting" name="testcase" time="0.000"/>
  <testcase classname="org.testing.datadrivenTesting.DataTesting" name="testcase" time="0.006"/>
</testsuite> <!-- org.testing.datadrivenTesting.DataTesting -->
