<?xml version="1.0" encoding="UTF-8"?>
<!-- Generated by org.testng.reporters.JUnitReportReporter -->
<testsuite hostname="DESKTOP-V4VPPL3" failures="0" tests="1" name="testcases.TC2" time="0.001" errors="0" timestamp="8 Jun 2022 20:09:06 GMT">
  <testcase classname="testcases.TC2" name="test2" time="0.001"/>
</testsuite> <!-- testcases.TC2 -->
